npm verb cli C:\Program Files\nodejs\node.exe C:\Users\Samsung\AppData\Roaming\npm\node_modules\npm\bin\npm-cli.js
npm info using npm@10.5.1
npm info using node@v20.12.1
npm verb title npm install
npm verb argv "install" "--legacy-peer-deps" "--loglevel" "verbose"
npm verb logfile logs-max:10 dir:C:\Users\Samsung\AppData\Local\npm-cache\_logs\2024-07-31T22_05_12_460Z-
npm verb logfile C:\Users\Samsung\AppData\Local\npm-cache\_logs\2024-07-31T22_05_12_460Z-debug-0.log
npm http fetch GET 200 https://registry.npmjs.org/@faker-js%2ffaker 17ms (cache hit)
npm http fetch GET 200 https://registry.npmjs.org/cypress-mochawesome-reporter 6ms (cache hit)
npm http fetch GET 200 https://registry.npmjs.org/browserstack-cypress-cli 695ms (cache revalidated)
npm http fetch GET 200 https://registry.npmjs.org/cypress 14ms (cache hit)
npm http fetch GET 200 https://registry.npmjs.org/archiver 190ms (cache revalidated)
npm http fetch GET 200 https://registry.npmjs.org/git-last-commit 181ms (cache revalidated)
npm http fetch GET 200 https://registry.npmjs.org/git-repo-info 180ms (cache revalidated)
npm http fetch GET 200 https://registry.npmjs.org/browserstack-local 590ms (cache revalidated)
npm http fetch GET 200 https://registry.npmjs.org/async 611ms (cache revalidated)
npm http fetch GET 200 https://registry.npmjs.org/getmac 620ms (cache revalidated)
npm http fetch GET 200 https://registry.npmjs.org/cli-progress 639ms (cache revalidated)
npm http fetch GET 200 https://registry.npmjs.org/chalk 644ms (cache revalidated)
npm http fetch GET 200 https://registry.npmjs.org/fs-extra 649ms (cache revalidated)
npm http fetch GET 200 https://registry.npmjs.org/gitconfiglocal 174ms (cache revalidated)
npm http fetch GET 200 https://registry.npmjs.org/glob 167ms (cache revalidated)
npm http fetch GET 200 https://registry.npmjs.org/mkdirp 195ms (cache revalidated)
npm http fetch GET 200 https://registry.npmjs.org/node-ipc 205ms (cache revalidated)
npm http fetch GET 200 https://registry.npmjs.org/request 201ms (cache revalidated)
npm http fetch GET 200 https://registry.npmjs.org/mocha 247ms (cache revalidated)
npm http fetch GET 200 https://registry.npmjs.org/requestretry 269ms (cache revalidated)
npm http fetch GET 200 https://registry.npmjs.org/table 215ms (cache revalidated)
npm http fetch GET 200 https://registry.npmjs.org/update-notifier 201ms (cache revalidated)
npm http fetch GET 200 https://registry.npmjs.org/windows-release 259ms (cache revalidated)
npm http fetch GET 200 https://registry.npmjs.org/uuid 276ms (cache revalidated)
npm http fetch GET 200 https://registry.npmjs.org/winston 265ms (cache revalidated)
npm http fetch GET 200 https://registry.npmjs.org/yargs 225ms (cache revalidated)
npm http fetch GET 200 https://registry.npmjs.org/tmp 202ms (cache revalidated)
npm http fetch GET 200 https://registry.npmjs.org/decompress 231ms (cache revalidated)
npm http fetch GET 200 https://registry.npmjs.org/arch 193ms (cache revalidated)
npm http fetch GET 200 https://registry.npmjs.org/execa 195ms (cache revalidated)
npm http fetch GET 200 https://registry.npmjs.org/debug 207ms (cache revalidated)
npm http fetch GET 200 https://registry.npmjs.org/getos 193ms (cache revalidated)
npm http fetch GET 200 https://registry.npmjs.org/is-ci 187ms (cache revalidated)
npm http fetch GET 200 https://registry.npmjs.org/buffer 203ms (cache revalidated)
npm http fetch GET 200 https://registry.npmjs.org/yauzl 227ms (cache revalidated)
npm http fetch GET 200 https://registry.npmjs.org/listr2 195ms (cache revalidated)
npm http fetch GET 200 https://registry.npmjs.org/lodash 204ms (cache revalidated)
npm http fetch GET 200 https://registry.npmjs.org/ospath 207ms (cache revalidated)
npm http fetch GET 200 https://registry.npmjs.org/figures 189ms (cache revalidated)
npm http fetch GET 200 https://registry.npmjs.org/semver 220ms (cache revalidated)
npm http fetch GET 200 https://registry.npmjs.org/process 193ms (cache revalidated)
npm http fetch GET 200 https://registry.npmjs.org/bluebird 171ms (cache revalidated)
npm http fetch GET 200 https://registry.npmjs.org/enquirer 174ms (cache revalidated)
npm http fetch GET 200 https://registry.npmjs.org/cachedir 200ms (cache revalidated)
npm http fetch GET 200 https://registry.npmjs.org/minimist 181ms (cache revalidated)
npm http fetch GET 200 https://registry.npmjs.org/lazy-ass 186ms (cache revalidated)
npm http fetch GET 200 https://registry.npmjs.org/blob-util 181ms (cache revalidated)
npm http fetch GET 200 https://registry.npmjs.org/commander 166ms (cache revalidated)
npm http fetch GET 200 https://registry.npmjs.org/untildify 186ms (cache revalidated)
npm http fetch GET 200 https://registry.npmjs.org/cli-cursor 182ms (cache revalidated)
npm http fetch GET 200 https://registry.npmjs.org/executable 169ms (cache revalidated)
npm http fetch GET 200 https://registry.npmjs.org/dayjs 821ms (cache revalidated)
npm http fetch GET 200 https://registry.npmjs.org/cli-table3 189ms (cache revalidated)
npm http fetch GET 200 https://registry.npmjs.org/common-tags 191ms (cache revalidated)
npm http fetch GET 200 https://registry.npmjs.org/extract-zip 171ms (cache revalidated)
npm http fetch GET 200 https://registry.npmjs.org/log-symbols 191ms (cache revalidated)
npm http fetch GET 200 https://registry.npmjs.org/pretty-bytes 186ms (cache revalidated)
npm http fetch GET 200 https://registry.npmjs.org/@types%2fsizzle 194ms (cache revalidated)
npm http fetch GET 200 https://registry.npmjs.org/eventemitter2 186ms (cache revalidated)
npm http fetch GET 200 https://registry.npmjs.org/proxy-from-env 188ms (cache revalidated)
npm http fetch GET 200 https://registry.npmjs.org/@cypress%2fxvfb 231ms (cache revalidated)
npm http fetch GET 200 https://registry.npmjs.org/supports-color 157ms (cache revalidated)
npm http fetch GET 200 https://registry.npmjs.org/check-more-types 161ms (cache revalidated)
npm http fetch GET 200 https://registry.npmjs.org/is-installed-globally 177ms (cache revalidated)
npm http fetch GET 200 https://registry.npmjs.org/@cypress%2frequest 206ms (cache revalidated)
npm http fetch GET 200 https://registry.npmjs.org/request-progress 188ms (cache revalidated)
npm http fetch GET 200 https://registry.npmjs.org/@types%2fsinonjs__fake-timers 232ms (cache revalidated)
npm http fetch GET 200 https://registry.npmjs.org/mochawesome 400ms (cache revalidated)
npm http fetch GET 200 https://registry.npmjs.org/mochawesome-merge 760ms (cache revalidated)
npm http fetch GET 200 https://registry.npmjs.org/mochawesome-report-generator 793ms (cache revalidated)
npm http fetch GET 200 https://registry.npmjs.org/archiver-utils 176ms (cache revalidated)
npm http fetch GET 200 https://registry.npmjs.org/zip-stream 182ms (cache revalidated)
npm http fetch GET 200 https://registry.npmjs.org/readdir-glob 190ms (cache revalidated)
npm http fetch GET 200 https://registry.npmjs.org/https-proxy-agent 195ms (cache revalidated)
npm http fetch GET 200 https://registry.npmjs.org/buffer-crc32 212ms (cache revalidated)
npm http fetch GET 200 https://registry.npmjs.org/tar-stream 213ms (cache revalidated)
npm http fetch GET 200 https://registry.npmjs.org/readable-stream 219ms (cache revalidated)
npm http fetch GET 200 https://registry.npmjs.org/is-running 189ms (cache revalidated)
npm http fetch GET 200 https://registry.npmjs.org/ps-tree 191ms (cache revalidated)
npm http fetch GET 200 https://registry.npmjs.org/temp-fs 195ms (cache revalidated)
npm http fetch GET 200 https://registry.npmjs.org/agent-base 207ms (cache revalidated)
npm http fetch GET 200 https://registry.npmjs.org/decompress-tar 187ms (cache revalidated)
npm http fetch GET 200 https://registry.npmjs.org/string-width 196ms (cache revalidated)
npm http fetch GET 200 https://registry.npmjs.org/ansi-styles 202ms (cache revalidated)
npm http fetch GET 200 https://registry.npmjs.org/decompress-tarbz2 192ms (cache revalidated)
npm http fetch GET 200 https://registry.npmjs.org/decompress-targz 194ms (cache revalidated)
npm http fetch GET 200 https://registry.npmjs.org/strip-dirs 173ms (cache revalidated)
npm http fetch GET 200 https://registry.npmjs.org/make-dir 181ms (cache revalidated)
npm http fetch GET 200 https://registry.npmjs.org/pify 188ms (cache revalidated)
npm http fetch GET 200 https://registry.npmjs.org/graceful-fs 202ms (cache revalidated)
npm http fetch GET 200 https://registry.npmjs.org/decompress-unzip 236ms (cache revalidated)
npm http fetch GET 200 https://registry.npmjs.org/graceful-fs 167ms (cache revalidated)
npm http fetch GET 200 https://registry.npmjs.org/jsonfile 185ms (cache revalidated)
npm http fetch GET 200 https://registry.npmjs.org/universalify 186ms (cache revalidated)
npm http fetch GET 200 https://registry.npmjs.org/ini 178ms (cache revalidated)
npm http fetch GET 200 https://registry.npmjs.org/once 181ms (cache revalidated)
npm http fetch GET 200 https://registry.npmjs.org/@types%2fnode 231ms (cache revalidated)
npm http fetch GET 200 https://registry.npmjs.org/inflight 321ms (cache revalidated)
npm http fetch GET 200 https://registry.npmjs.org/inherits 219ms (cache revalidated)
npm http fetch GET 200 https://registry.npmjs.org/minimatch 201ms (cache revalidated)
npm http fetch GET 200 https://registry.npmjs.org/ansi-colors 201ms (cache revalidated)
npm http fetch GET 200 https://registry.npmjs.org/path-is-absolute 217ms (cache revalidated)
npm http fetch GET 200 https://registry.npmjs.org/fs.realpath 226ms (cache revalidated)
npm http fetch GET 200 https://registry.npmjs.org/browser-stdout 225ms (cache revalidated)
npm http fetch GET 200 https://registry.npmjs.org/escape-string-regexp 191ms (cache revalidated)
npm http fetch GET 200 https://registry.npmjs.org/chokidar 223ms (cache revalidated)
npm http fetch GET 200 https://registry.npmjs.org/diff 228ms (cache revalidated)
npm http fetch GET 200 https://registry.npmjs.org/js-yaml 187ms (cache revalidated)
npm http fetch GET 200 https://registry.npmjs.org/find-up 201ms (cache revalidated)
npm http fetch GET 200 https://registry.npmjs.org/he 201ms (cache revalidated)
npm http fetch GET 200 https://registry.npmjs.org/ms 179ms (cache revalidated)
npm http fetch GET 200 https://registry.npmjs.org/serialize-javascript 178ms (cache revalidated)
npm http fetch GET 200 https://registry.npmjs.org/yargs-unparser 179ms (cache revalidated)
npm http fetch GET 200 https://registry.npmjs.org/workerpool 189ms (cache revalidated)
npm http fetch GET 200 https://registry.npmjs.org/yargs-parser 186ms (cache revalidated)
npm http fetch GET 200 https://registry.npmjs.org/event-pubsub 187ms (cache revalidated)
npm http fetch GET 200 https://registry.npmjs.org/js-queue 179ms (cache revalidated)
npm http fetch GET 200 https://registry.npmjs.org/js-message 188ms (cache revalidated)
npm http fetch GET 200 https://registry.npmjs.org/caseless 172ms (cache revalidated)
npm http fetch GET 200 https://registry.npmjs.org/aws-sign2 183ms (cache revalidated)
npm http fetch GET 200 https://registry.npmjs.org/combined-stream 171ms (cache revalidated)
npm http fetch GET 200 https://registry.npmjs.org/aws4 187ms (cache revalidated)
npm http fetch GET 200 https://registry.npmjs.org/extend 174ms (cache revalidated)
npm http fetch GET 200 https://registry.npmjs.org/forever-agent 198ms (cache revalidated)
npm http fetch GET 200 https://registry.npmjs.org/form-data 181ms (cache revalidated)
npm http fetch GET 200 https://registry.npmjs.org/har-validator 185ms (cache revalidated)
npm http fetch GET 200 https://registry.npmjs.org/is-typedarray 182ms (cache revalidated)
npm http fetch GET 200 https://registry.npmjs.org/http-signature 192ms (cache revalidated)
npm http fetch GET 200 https://registry.npmjs.org/isstream 173ms (cache revalidated)
npm http fetch GET 200 https://registry.npmjs.org/mime-types 183ms (cache revalidated)
npm http fetch GET 200 https://registry.npmjs.org/json-stringify-safe 202ms (cache revalidated)
npm http fetch GET 200 https://registry.npmjs.org/qs 184ms (cache revalidated)
npm http fetch GET 200 https://registry.npmjs.org/performance-now 200ms (cache revalidated)
npm http fetch GET 200 https://registry.npmjs.org/strip-json-comments 807ms (cache revalidated)
npm http fetch GET 200 https://registry.npmjs.org/safe-buffer 182ms (cache revalidated)
npm http fetch GET 200 https://registry.npmjs.org/tough-cookie 197ms (cache revalidated)
npm http fetch GET 200 https://registry.npmjs.org/tunnel-agent 205ms (cache revalidated)
npm http fetch GET 200 https://registry.npmjs.org/ajv 193ms (cache revalidated)
npm http fetch GET 200 https://registry.npmjs.org/oauth-sign 412ms (cache revalidated)
npm http fetch GET 200 https://registry.npmjs.org/pupa 178ms (cache revalidated)
npm http fetch GET 200 https://registry.npmjs.org/slice-ansi 211ms (cache revalidated)
npm http fetch GET 200 https://registry.npmjs.org/boxen 177ms (cache revalidated)
npm http fetch GET 200 https://registry.npmjs.org/is-in-ci 239ms (cache revalidated)
npm http fetch GET 200 https://registry.npmjs.org/is-npm 252ms (cache revalidated)
npm http fetch GET 200 https://registry.npmjs.org/xdg-basedir 222ms (cache revalidated)
npm http fetch GET 200 https://registry.npmjs.org/semver-diff 226ms (cache revalidated)
npm http fetch GET 200 https://registry.npmjs.org/import-lazy 238ms (cache revalidated)
npm http fetch GET 200 https://registry.npmjs.org/configstore 244ms (cache revalidated)
npm http fetch GET 200 https://registry.npmjs.org/latest-version 179ms (cache revalidated)
npm http fetch GET 200 https://registry.npmjs.org/cycle 192ms (cache revalidated)
npm http fetch GET 200 https://registry.npmjs.org/stack-trace 195ms (cache revalidated)
npm http fetch GET 200 https://registry.npmjs.org/decamelize 174ms (cache revalidated)
npm http fetch GET 200 https://registry.npmjs.org/y18n 202ms (cache revalidated)
npm http fetch GET 200 https://registry.npmjs.org/colors 214ms (cache revalidated)
npm http fetch GET 200 https://registry.npmjs.org/eyes 221ms (cache revalidated)
npm http fetch GET 200 https://registry.npmjs.org/cliui 207ms (cache revalidated)
npm http fetch GET 200 https://registry.npmjs.org/set-blocking 195ms (cache revalidated)
npm http fetch GET 200 https://registry.npmjs.org/require-directory 181ms (cache revalidated)
npm http fetch GET 200 https://registry.npmjs.org/get-caller-file 189ms (cache revalidated)
npm http fetch GET 200 https://registry.npmjs.org/require-main-filename 191ms (cache revalidated)
npm http fetch GET 200 https://registry.npmjs.org/which-module 216ms (cache revalidated)
npm http fetch GET 200 https://registry.npmjs.org/lodash.flatten 178ms (cache revalidated)
npm http fetch GET 200 https://registry.npmjs.org/normalize-path 191ms (cache revalidated)
npm http fetch GET 200 https://registry.npmjs.org/lodash.defaults 200ms (cache revalidated)
npm http fetch GET 200 https://registry.npmjs.org/lazystream 209ms (cache revalidated)
npm http fetch GET 200 https://registry.npmjs.org/lodash.union 208ms (cache revalidated)
npm http fetch GET 200 https://registry.npmjs.org/lodash.difference 215ms (cache revalidated)
npm http fetch GET 200 https://registry.npmjs.org/lodash.isplainobject 217ms (cache revalidated)
npm http fetch GET 200 https://registry.npmjs.org/util-deprecate 194ms (cache revalidated)
npm http fetch GET 200 https://registry.npmjs.org/string_decoder 210ms (cache revalidated)
npm http fetch GET 200 https://registry.npmjs.org/end-of-stream 191ms (cache revalidated)
npm http fetch GET 200 https://registry.npmjs.org/bl 199ms (cache revalidated)
npm http fetch GET 200 https://registry.npmjs.org/fs-constants 193ms (cache revalidated)
npm http fetch GET 200 https://registry.npmjs.org/compress-commons 227ms (cache revalidated)
npm http fetch GET 200 https://registry.npmjs.org/isarray 170ms (cache revalidated)
npm http fetch GET 200 https://registry.npmjs.org/process-nextick-args 175ms (cache revalidated)
npm http fetch GET 200 https://registry.npmjs.org/core-util-is 199ms (cache revalidated)
npm http fetch GET 200 https://registry.npmjs.org/event-stream 227ms (cache revalidated)
npm http fetch GET 200 https://registry.npmjs.org/rimraf 229ms (cache revalidated)
npm http fetch GET 200 https://registry.npmjs.org/color-convert 166ms (cache revalidated)
npm http fetch GET 200 https://registry.npmjs.org/has-flag 188ms (cache revalidated)
npm http fetch GET 200 https://registry.npmjs.org/color-name 173ms (cache revalidated)
npm http fetch GET 200 https://registry.npmjs.org/strip-ansi 168ms (cache revalidated)
npm http fetch GET 200 https://registry.npmjs.org/emoji-regex 175ms (cache revalidated)
npm http fetch GET 200 https://registry.npmjs.org/is-fullwidth-code-point 176ms (cache revalidated)
npm http fetch GET 200 https://registry.npmjs.org/base64-js 176ms (cache revalidated)
npm http fetch GET 200 https://registry.npmjs.org/lodash.once 180ms (cache revalidated)
npm http fetch GET 200 https://registry.npmjs.org/ieee754 180ms (cache revalidated)
npm http fetch GET 200 https://registry.npmjs.org/restore-cursor 185ms (cache revalidated)
npm http fetch GET 200 https://registry.npmjs.org/is-stream 184ms (cache revalidated)
npm http fetch GET 200 https://registry.npmjs.org/onetime 200ms (cache revalidated)
npm http fetch GET 200 https://registry.npmjs.org/@colors%2fcolors 206ms (cache revalidated)
npm http fetch GET 200 https://registry.npmjs.org/signal-exit 165ms (cache revalidated)
npm http fetch GET 200 https://registry.npmjs.org/get-stream 176ms (cache revalidated)
npm http fetch GET 200 https://registry.npmjs.org/cross-spawn 186ms (cache revalidated)
npm http fetch GET 200 https://registry.npmjs.org/merge-stream 198ms (cache revalidated)
npm http fetch GET 200 https://registry.npmjs.org/npm-run-path 199ms (cache revalidated)
npm http fetch GET 200 https://registry.npmjs.org/strip-final-newline 185ms (cache revalidated)
npm http fetch GET 200 https://registry.npmjs.org/human-signals 192ms (cache revalidated)
npm http fetch GET 200 https://registry.npmjs.org/get-stream 175ms (cache revalidated)
npm http fetch GET 200 https://registry.npmjs.org/at-least-node 183ms (cache revalidated)
npm http fetch GET 200 https://registry.npmjs.org/rfdc 179ms (cache revalidated)
npm http fetch GET 200 https://registry.npmjs.org/is-path-inside 187ms (cache revalidated)
npm http fetch GET 200 https://registry.npmjs.org/rxjs 172ms (cache revalidated)
npm http fetch GET 200 https://registry.npmjs.org/p-map 182ms (cache revalidated)
npm http fetch GET 200 https://registry.npmjs.org/colorette 162ms (cache revalidated)
npm http fetch GET 200 https://registry.npmjs.org/through 170ms (cache revalidated)
npm http fetch GET 200 https://registry.npmjs.org/wrap-ansi 170ms (cache revalidated)
npm http fetch GET 200 https://registry.npmjs.org/log-update 166ms (cache revalidated)
npm http fetch GET 200 https://registry.npmjs.org/cli-truncate 160ms (cache revalidated)
npm http fetch GET 200 https://registry.npmjs.org/is-unicode-supported 177ms (cache revalidated)
npm http fetch GET 200 https://registry.npmjs.org/throttleit 168ms (cache revalidated)
npm http fetch GET 200 https://registry.npmjs.org/fd-slicer 161ms (cache revalidated)
npm http fetch GET 200 https://registry.npmjs.org/ci-info 739ms (cache revalidated)
npm http fetch GET 200 https://registry.npmjs.org/global-dirs 766ms (cache revalidated)
npm http fetch GET 200 https://registry.npmjs.org/@types%2fyauzl 1352ms (cache revalidated)
npm http fetch GET 200 https://registry.npmjs.org/side-channel 183ms (cache revalidated)
npm http fetch GET 200 https://registry.npmjs.org/delayed-stream 196ms (cache revalidated)
npm http fetch GET 200 https://registry.npmjs.org/asynckit 197ms (cache revalidated)
npm http fetch GET 200 https://registry.npmjs.org/jsprim 198ms (cache revalidated)
npm http fetch GET 200 https://registry.npmjs.org/assert-plus 203ms (cache revalidated)
npm http fetch GET 200 https://registry.npmjs.org/sshpk 203ms (cache revalidated)
npm http fetch GET 200 https://registry.npmjs.org/mime-db 220ms (cache revalidated)
npm http fetch GET 200 https://registry.npmjs.org/punycode 184ms (cache revalidated)
npm http fetch GET 200 https://registry.npmjs.org/url-parse 185ms (cache revalidated)
npm http fetch GET 200 https://registry.npmjs.org/psl 199ms (cache revalidated)
npm http fetch GET 200 https://registry.npmjs.org/dateformat 181ms (cache revalidated)
npm http fetch GET 200 https://registry.npmjs.org/lodash.isfunction 196ms (cache revalidated)
npm http fetch GET 200 https://registry.npmjs.org/escape-html 194ms (cache revalidated)
npm http fetch GET 200 https://registry.npmjs.org/lodash.isstring 204ms (cache revalidated)
npm http fetch GET 200 https://registry.npmjs.org/lodash.isempty 210ms (cache revalidated)
npm http fetch GET 200 https://registry.npmjs.org/lodash.isobject 212ms (cache revalidated)
npm http fetch GET 200 https://registry.npmjs.org/opener 184ms (cache revalidated)
npm http fetch GET 200 https://registry.npmjs.org/prop-types 191ms (cache revalidated)
npm http fetch GET 200 https://registry.npmjs.org/validator 199ms (cache revalidated)
npm http fetch GET 200 https://registry.npmjs.org/fsu 788ms (cache revalidated)
npm http fetch GET 200 https://registry.npmjs.org/tcomb 782ms (cache revalidated)
npm http fetch GET 200 https://registry.npmjs.org/tcomb-validation 784ms (cache revalidated)
npm http fetch GET 200 https://registry.npmjs.org/file-type 189ms (cache revalidated)
npm http fetch GET 200 https://registry.npmjs.org/unbzip2-stream 197ms (cache revalidated)
npm http fetch GET 200 https://registry.npmjs.org/file-type 204ms (cache revalidated)
npm http fetch GET 200 https://registry.npmjs.org/seek-bzip 208ms (cache revalidated)
npm http fetch GET 200 https://registry.npmjs.org/is-natural-number 205ms (cache revalidated)
npm http fetch GET 200 https://registry.npmjs.org/file-type 208ms (cache revalidated)
npm http fetch GET 200 https://registry.npmjs.org/xtend 170ms (cache revalidated)
npm http fetch GET 200 https://registry.npmjs.org/to-buffer 174ms (cache revalidated)
npm http fetch GET 200 https://registry.npmjs.org/buffer-alloc 199ms (cache revalidated)
npm http fetch GET 200 https://registry.npmjs.org/pinkie-promise 166ms (cache revalidated)
npm http fetch GET 200 https://registry.npmjs.org/object-assign 190ms (cache revalidated)
npm http fetch GET 200 https://registry.npmjs.org/ansi-regex 182ms (cache revalidated)
npm http fetch GET 200 https://registry.npmjs.org/path-key 172ms (cache revalidated)
npm http fetch GET 200 https://registry.npmjs.org/path-key 177ms (cache revalidated)
npm http fetch GET 200 https://registry.npmjs.org/pump 179ms (cache revalidated)
npm http fetch GET 200 https://registry.npmjs.org/which 182ms (cache revalidated)
npm http fetch GET 200 https://registry.npmjs.org/shebang-command 189ms (cache revalidated)
npm http fetch GET 200 https://registry.npmjs.org/mimic-fn 189ms (cache revalidated)
npm http fetch GET 200 https://registry.npmjs.org/shebang-regex 177ms (cache revalidated)
npm http fetch GET 200 https://registry.npmjs.org/isexe 175ms (cache revalidated)
npm http fetch GET 200 https://registry.npmjs.org/undici-types 193ms (cache revalidated)
npm http fetch GET 200 https://registry.npmjs.org/pinkie 232ms (cache revalidated)
npm http fetch GET 200 https://registry.npmjs.org/brace-expansion 179ms (cache revalidated)
npm http fetch GET 200 https://registry.npmjs.org/wrappy 195ms (cache revalidated)
npm http fetch GET 200 https://registry.npmjs.org/asn1 174ms (cache revalidated)
npm http fetch GET 200 https://registry.npmjs.org/dashdash 181ms (cache revalidated)
npm http fetch GET 200 https://registry.npmjs.org/safer-buffer 185ms (cache revalidated)
npm http fetch GET 200 https://registry.npmjs.org/verror 193ms (cache revalidated)
npm http fetch GET 200 https://registry.npmjs.org/getpass 203ms (cache revalidated)
npm http fetch GET 200 https://registry.npmjs.org/json-schema 207ms (cache revalidated)
npm http fetch GET 200 https://registry.npmjs.org/extsprintf 233ms (cache revalidated)
npm http fetch GET 200 https://registry.npmjs.org/jsbn 165ms (cache revalidated)
npm http fetch GET 200 https://registry.npmjs.org/tweetnacl 186ms (cache revalidated)
npm http fetch GET 200 https://registry.npmjs.org/bcrypt-pbkdf 187ms (cache revalidated)
npm http fetch GET 200 https://registry.npmjs.org/ecc-jsbn 195ms (cache revalidated)
npm http fetch GET 200 https://registry.npmjs.org/ansi-escapes 183ms (cache revalidated)
npm http fetch GET 200 https://registry.npmjs.org/aggregate-error 196ms (cache revalidated)
npm http fetch GET 200 https://registry.npmjs.org/tslib 207ms (cache revalidated)
npm http fetch GET 200 https://registry.npmjs.org/astral-regex 164ms (cache revalidated)
npm http fetch GET 200 https://registry.npmjs.org/type-fest 165ms (cache revalidated)
npm http fetch GET 200 https://registry.npmjs.org/balanced-match 177ms (cache revalidated)
npm http fetch GET 200 https://registry.npmjs.org/concat-map 193ms (cache revalidated)
npm http fetch GET 200 https://registry.npmjs.org/is-binary-path 178ms (cache revalidated)
npm http fetch GET 200 https://registry.npmjs.org/is-glob 184ms (cache revalidated)
npm http fetch GET 200 https://registry.npmjs.org/glob-parent 190ms (cache revalidated)
npm http fetch GET 200 https://registry.npmjs.org/braces 196ms (cache revalidated)
npm http fetch GET 200 https://registry.npmjs.org/fsevents 196ms (cache revalidated)
npm http fetch GET 200 https://registry.npmjs.org/readdirp 215ms (cache revalidated)
npm http fetch GET 200 https://registry.npmjs.org/locate-path 202ms (cache revalidated)
npm http fetch GET 200 https://registry.npmjs.org/argparse 219ms (cache revalidated)
npm http fetch GET 200 https://registry.npmjs.org/path-exists 227ms (cache revalidated)
npm http fetch GET 200 https://registry.npmjs.org/camelcase 193ms (cache revalidated)
npm http fetch GET 200 https://registry.npmjs.org/randombytes 225ms (cache revalidated)
npm http fetch GET 200 https://registry.npmjs.org/escalade 218ms (cache revalidated)
npm http fetch GET 200 https://registry.npmjs.org/flat 169ms (cache revalidated)
npm http fetch GET 200 https://registry.npmjs.org/is-plain-obj 178ms (cache revalidated)
npm http fetch GET 200 https://registry.npmjs.org/anymatch 814ms (cache revalidated)
npm http fetch GET 200 https://registry.npmjs.org/picomatch 174ms (cache revalidated)
npm http fetch GET 200 https://registry.npmjs.org/picomatch 185ms (cache revalidated)
npm http fetch GET 200 https://registry.npmjs.org/is-extglob 185ms (cache revalidated)
npm http fetch GET 200 https://registry.npmjs.org/binary-extensions 186ms (cache revalidated)
npm http fetch GET 200 https://registry.npmjs.org/fill-range 190ms (cache revalidated)
npm http fetch GET 200 https://registry.npmjs.org/to-regex-range 164ms (cache revalidated)
npm http fetch GET 200 https://registry.npmjs.org/is-number 157ms (cache revalidated)
npm http fetch GET 200 https://registry.npmjs.org/p-locate 160ms (cache revalidated)
npm http fetch GET 200 https://registry.npmjs.org/p-limit 168ms (cache revalidated)
npm http fetch GET 200 https://registry.npmjs.org/loose-envify 185ms (cache revalidated)
npm http fetch GET 200 https://registry.npmjs.org/react-is 196ms (cache revalidated)
npm http fetch GET 200 https://registry.npmjs.org/easy-stack 187ms (cache revalidated)
npm http fetch GET 200 https://registry.npmjs.org/yocto-queue 176ms (cache revalidated)
npm http fetch GET 200 https://registry.npmjs.org/indent-string 166ms (cache revalidated)
npm http fetch GET 200 https://registry.npmjs.org/clean-stack 173ms (cache revalidated)
npm http fetch GET 200 https://registry.npmjs.org/js-tokens 186ms (cache revalidated)
npm http fetch GET 200 https://registry.npmjs.org/from 174ms (cache revalidated)
npm http fetch GET 200 https://registry.npmjs.org/map-stream 184ms (cache revalidated)
npm http fetch GET 200 https://registry.npmjs.org/duplexer 190ms (cache revalidated)
npm http fetch GET 200 https://registry.npmjs.org/split 191ms (cache revalidated)
npm http fetch GET 200 https://registry.npmjs.org/stream-combiner 193ms (cache revalidated)
npm http fetch GET 200 https://registry.npmjs.org/pause-stream 198ms (cache revalidated)
npm http fetch GET 200 https://registry.npmjs.org/es-errors 177ms (cache revalidated)
npm http fetch GET 200 https://registry.npmjs.org/object-inspect 177ms (cache revalidated)
npm http fetch GET 200 https://registry.npmjs.org/get-intrinsic 183ms (cache revalidated)
npm http fetch GET 200 https://registry.npmjs.org/call-bind 187ms (cache revalidated)
npm http fetch GET 200 https://registry.npmjs.org/har-schema 190ms (cache revalidated)
npm http fetch GET 200 https://registry.npmjs.org/fast-deep-equal 168ms (cache revalidated)
npm http fetch GET 200 https://registry.npmjs.org/json-schema-traverse 173ms (cache revalidated)
npm http fetch GET 200 https://registry.npmjs.org/fast-json-stable-stringify 173ms (cache revalidated)
npm http fetch GET 200 https://registry.npmjs.org/uri-js 197ms (cache revalidated)
npm http fetch GET 200 https://registry.npmjs.org/set-function-length 176ms (cache revalidated)
npm http fetch GET 200 https://registry.npmjs.org/es-define-property 181ms (cache revalidated)
npm http fetch GET 200 https://registry.npmjs.org/function-bind 183ms (cache revalidated)
npm http fetch GET 200 https://registry.npmjs.org/has-symbols 181ms (cache revalidated)
npm http fetch GET 200 https://registry.npmjs.org/hasown 183ms (cache revalidated)
npm http fetch GET 200 https://registry.npmjs.org/has-proto 236ms (cache revalidated)
npm http fetch GET 200 https://registry.npmjs.org/define-data-property 168ms (cache revalidated)
npm http fetch GET 200 https://registry.npmjs.org/has-property-descriptors 168ms (cache revalidated)
npm http fetch GET 200 https://registry.npmjs.org/gopd 172ms (cache revalidated)
npm http fetch GET 200 https://registry.npmjs.org/querystringify 163ms (cache revalidated)
npm http fetch GET 200 https://registry.npmjs.org/requires-port 164ms (cache revalidated)
npm http fetch GET 200 https://registry.npmjs.org/widest-line 193ms (cache revalidated)
npm http fetch GET 200 https://registry.npmjs.org/ansi-align 198ms (cache revalidated)
npm http fetch GET 200 https://registry.npmjs.org/package-json 189ms (cache revalidated)
npm http fetch GET 200 https://registry.npmjs.org/dot-prop 199ms (cache revalidated)
npm http fetch GET 200 https://registry.npmjs.org/write-file-atomic 199ms (cache revalidated)
npm http fetch GET 200 https://registry.npmjs.org/unique-string 204ms (cache revalidated)
npm http fetch GET 200 https://registry.npmjs.org/cli-boxes 219ms (cache revalidated)
npm http fetch GET 200 https://registry.npmjs.org/escape-goat 171ms (cache revalidated)
npm http fetch GET 200 https://registry.npmjs.org/eastasianwidth 172ms (cache revalidated)
npm http fetch GET 200 https://registry.npmjs.org/is-obj 167ms (cache revalidated)
npm http fetch GET 200 https://registry.npmjs.org/crypto-random-string 178ms (cache revalidated)
npm http fetch GET 200 https://registry.npmjs.org/imurmurhash 179ms (cache revalidated)
npm http fetch GET 200 https://registry.npmjs.org/typedarray-to-buffer 270ms (cache revalidated)
npm http fetch GET 200 https://registry.npmjs.org/registry-auth-token 179ms (cache revalidated)
npm http fetch GET 200 https://registry.npmjs.org/got 187ms (cache revalidated)
npm http fetch GET 200 https://registry.npmjs.org/registry-url 738ms (cache revalidated)
npm http fetch GET 200 https://registry.npmjs.org/http2-wrapper 173ms (cache revalidated)
npm http fetch GET 200 https://registry.npmjs.org/p-cancelable 186ms (cache revalidated)
npm http fetch GET 200 https://registry.npmjs.org/lowercase-keys 190ms (cache revalidated)
npm http fetch GET 200 https://registry.npmjs.org/responselike 199ms (cache revalidated)
npm http fetch GET 200 https://registry.npmjs.org/cacheable-request 197ms (cache revalidated)
npm http fetch GET 200 https://registry.npmjs.org/cacheable-lookup 208ms (cache revalidated)
npm http fetch GET 200 https://registry.npmjs.org/@sindresorhus%2fis 211ms (cache revalidated)
npm http fetch GET 200 https://registry.npmjs.org/form-data-encoder 170ms (cache revalidated)
npm http fetch GET 200 https://registry.npmjs.org/decompress-response 180ms (cache revalidated)
npm http fetch GET 200 https://registry.npmjs.org/@szmarczak%2fhttp-timer 195ms (cache revalidated)
npm http fetch GET 200 https://registry.npmjs.org/rc 194ms (cache revalidated)
npm http fetch GET 200 https://registry.npmjs.org/@pnpm%2fnpm-conf 227ms (cache revalidated)
npm http fetch GET 200 https://registry.npmjs.org/defer-to-connect 176ms (cache revalidated)
npm http fetch GET 200 https://registry.npmjs.org/mimic-response 176ms (cache revalidated)
npm http fetch GET 200 https://registry.npmjs.org/keyv 181ms (cache revalidated)
npm http fetch GET 200 https://registry.npmjs.org/http-cache-semantics 189ms (cache revalidated)
npm http fetch GET 200 https://registry.npmjs.org/mimic-response 190ms (cache revalidated)
npm http fetch GET 200 https://registry.npmjs.org/@types%2fhttp-cache-semantics 199ms (cache revalidated)
npm http fetch GET 200 https://registry.npmjs.org/normalize-url 197ms (cache revalidated)
npm http fetch GET 200 https://registry.npmjs.org/quick-lru 162ms (cache revalidated)
npm http fetch GET 200 https://registry.npmjs.org/resolve-alpn 169ms (cache revalidated)
npm http fetch GET 200 https://registry.npmjs.org/json-buffer 169ms (cache revalidated)
npm http fetch GET 200 https://registry.npmjs.org/config-chain 169ms (cache revalidated)
npm http fetch GET 200 https://registry.npmjs.org/@pnpm%2fnetwork.ca-file 208ms (cache revalidated)
npm http fetch GET 200 https://registry.npmjs.org/@pnpm%2fconfig.env-replace 367ms (cache revalidated)
npm http fetch GET 200 https://registry.npmjs.org/proto-list 160ms (cache revalidated)
npm http fetch GET 200 https://registry.npmjs.org/deep-extend 176ms (cache revalidated)
npm http fetch GET 200 https://registry.npmjs.org/pend 176ms (cache revalidated)
npm http fetch GET 200 https://registry.npmjs.org/crc32-stream 205ms (cache revalidated)
npm http fetch GET 200 https://registry.npmjs.org/crc-32 194ms (cache revalidated)
npm http fetch GET 200 https://registry.npmjs.org/buffer-alloc-unsafe 176ms (cache revalidated)
npm http fetch GET 200 https://registry.npmjs.org/buffer-fill 178ms (cache revalidated)
npm http fetch GET 200 https://registry.npmjs.org/p-try 171ms (cache revalidated)
npm verb reify failed optional dependency C:\Users\Samsung\Desktop\pós\automacao-web-pgats\tmpBstackPackages\node_modules\fsevents
npm http fetch POST 200 https://registry.npmjs.org/-/npm/v1/security/advisories/bulk 1112ms
npm WARN deprecated inflight@1.0.6: This module is not supported, and leaks memory. Do not use it. Check out lru-cache if you want a good and tested way to coalesce async requests by a key value, which is much more comprehensive and powerful.
npm WARN deprecated rimraf@2.5.4: Rimraf versions prior to v4 are no longer supported
npm WARN deprecated har-validator@5.1.5: this library is no longer supported
npm WARN deprecated glob@7.2.3: Glob versions prior to v9 are no longer supported
npm WARN deprecated glob@8.1.0: Glob versions prior to v9 are no longer supported
npm WARN deprecated uuid@3.4.0: Please upgrade  to version 7 or higher.  Older versions may use Math.random() in certain circumstances, which is known to be problematic.  See https://v8.dev/blog/math-random for details.
npm WARN deprecated request@2.88.2: request has been deprecated, see https://github.com/request/request/issues/3142
npm info run cypress@13.13.2 postinstall node_modules/cypress node index.js --exec install
npm info run cypress@13.13.2 postinstall { code: 0, signal: null }

added 501 packages, and audited 502 packages in 46s

96 packages are looking for funding
  run `npm fund` for details

3 moderate severity vulnerabilities

To address all issues (including breaking changes), run:
  npm audit fix --force

Run `npm audit` for details.
npm verb exit 0
npm info ok 
